<?xml version="1.0" encoding="UTF-8" ?>
<testsuite failures="0" time="6.121" errors="0" skipped="0" tests="2" name="org.ala.rest.GazetteerSearchResourceTest">
  <properties>
    <property name="java.runtime.name" value="OpenJDK Runtime Environment"/>
    <property name="sun.boot.library.path" value="/usr/lib/jvm/java-6-openjdk/jre/lib/amd64"/>
    <property name="java.vm.version" value="14.0-b16"/>
    <property name="java.vm.vendor" value="Sun Microsystems Inc."/>
    <property name="java.vendor.url" value="http://java.sun.com/"/>
    <property name="path.separator" value=":"/>
    <property name="java.vm.name" value="OpenJDK 64-Bit Server VM"/>
    <property name="file.encoding.pkg" value="sun.io"/>
    <property name="user.country" value="AU"/>
    <property name="sun.java.launcher" value="SUN_STANDARD"/>
    <property name="sun.os.patch.level" value="unknown"/>
    <property name="java.vm.specification.name" value="Java Virtual Machine Specification"/>
    <property name="user.dir" value="/home/gus/SRC/gazetteer-search"/>
    <property name="java.runtime.version" value="1.6.0_0-b16"/>
    <property name="java.awt.graphicsenv" value="sun.awt.X11GraphicsEnvironment"/>
    <property name="basedir" value="/home/gus/SRC/gazetteer-search"/>
    <property name="java.endorsed.dirs" value="/usr/lib/jvm/java-6-openjdk/jre/lib/endorsed"/>
    <property name="os.arch" value="amd64"/>
    <property name="surefire.real.class.path" value="/tmp/surefirebooter712771678384105327.jar"/>
    <property name="javax.accessibility.assistive_technologies" value="org.GNOME.Accessibility.JavaBridge"/>
    <property name="java.io.tmpdir" value="/tmp"/>
    <property name="line.separator" value="
"/>
    <property name="java.vm.specification.vendor" value="Sun Microsystems Inc."/>
    <property name="os.name" value="Linux"/>
    <property name="sun.jnu.encoding" value="UTF-8"/>
    <property name="java.library.path" value="/usr/lib/jvm/java-6-openjdk/jre/lib/amd64/server:/usr/lib/jvm/java-6-openjdk/jre/lib/amd64:/usr/lib/jvm/java-6-openjdk/jre/../lib/amd64:/usr/java/packages/lib/amd64:/usr/lib/jni:/lib:/usr/lib"/>
    <property name="surefire.test.class.path" value="/home/gus/SRC/gazetteer-search/target/test-classes:/home/gus/SRC/gazetteer-search/target/classes:/home/gus/.m2/repository/org/geoserver/rest/2.1-SNAPSHOT/rest-2.1-SNAPSHOT.jar:/home/gus/.m2/repository/org/geoserver/main/2.1-SNAPSHOT/main-2.1-SNAPSHOT.jar:/home/gus/.m2/repository/org/geoserver/ows/2.1-SNAPSHOT/ows-2.1-SNAPSHOT.jar:/home/gus/.m2/repository/org/acegisecurity/acegi-security/1.0.7/acegi-security-1.0.7.jar:/home/gus/.m2/repository/org/springframework/spring-core/2.5.5/spring-core-2.5.5.jar:/home/gus/.m2/repository/commons-logging/commons-logging/1.1.1/commons-logging-1.1.1.jar:/home/gus/.m2/repository/commons-lang/commons-lang/2.1/commons-lang-2.1.jar:/home/gus/.m2/repository/commons-codec/commons-codec/1.2/commons-codec-1.2.jar:/home/gus/.m2/repository/oro/oro/2.0.8/oro-2.0.8.jar:/home/gus/.m2/repository/commons-collections/commons-collections/3.2/commons-collections-3.2.jar:/home/gus/.m2/repository/log4j/log4j/1.2.14/log4j-1.2.14.jar:/home/gus/.m2/repository/org/geoserver/platform/2.1-SNAPSHOT/platform-2.1-SNAPSHOT.jar:/home/gus/.m2/repository/org/springframework/spring-beans/2.5.5/spring-beans-2.5.5.jar:/home/gus/.m2/repository/org/springframework/spring-context/2.5.5/spring-context-2.5.5.jar:/home/gus/.m2/repository/aopalliance/aopalliance/1.0/aopalliance-1.0.jar:/home/gus/.m2/repository/org/springframework/spring-webmvc/2.5.5/spring-webmvc-2.5.5.jar:/home/gus/.m2/repository/org/springframework/spring-context-support/2.5.5/spring-context-support-2.5.5.jar:/home/gus/.m2/repository/org/springframework/spring-web/2.5.5/spring-web-2.5.5.jar:/home/gus/.m2/repository/javax/servlet/servlet-api/2.4/servlet-api-2.4.jar:/home/gus/.m2/repository/javax/media/jai_core/1.1.3/jai_core-1.1.3.jar:/home/gus/.m2/repository/javax/media/jai_codec/1.1.3/jai_codec-1.1.3.jar:/home/gus/.m2/repository/javax/media/jai_imageio/1.1/jai_imageio-1.1.jar:/home/gus/.m2/repository/org/geotools/gt-api/2.7-SNAPSHOT/gt-api-2.7-SNAPSHOT.jar:/home/gus/.m2/repository/com/vividsolutions/jts/1.10/jts-1.10.jar:/home/gus/.m2/repository/org/geotools/gt-referencing/2.7-SNAPSHOT/gt-referencing-2.7-SNAPSHOT.jar:/home/gus/.m2/repository/java3d/vecmath/1.3.2/vecmath-1.3.2.jar:/home/gus/.m2/repository/commons-pool/commons-pool/1.5.3/commons-pool-1.5.3.jar:/home/gus/.m2/repository/org/geotools/gt-metadata/2.7-SNAPSHOT/gt-metadata-2.7-SNAPSHOT.jar:/home/gus/.m2/repository/org/opengis/geoapi/2.3-M1/geoapi-2.3-M1.jar:/home/gus/.m2/repository/net/java/dev/jsr-275/jsr-275/1.0-beta-2/jsr-275-1.0-beta-2.jar:/home/gus/.m2/repository/org/opengis/geoapi-pending/2.3-M1/geoapi-pending-2.3-M1.jar:/home/gus/.m2/repository/org/geotools/gt-main/2.7-SNAPSHOT/gt-main-2.7-SNAPSHOT.jar:/home/gus/.m2/repository/jdom/jdom/1.0/jdom-1.0.jar:/home/gus/.m2/repository/commons-beanutils/commons-beanutils/1.7.0/commons-beanutils-1.7.0.jar:/home/gus/.m2/repository/org/geotools/ogc/net.opengis.ows/2.7-SNAPSHOT/net.opengis.ows-2.7-SNAPSHOT.jar:/home/gus/.m2/repository/org/geotools/ogc/org.w3.xlink/2.7-SNAPSHOT/org.w3.xlink-2.7-SNAPSHOT.jar:/home/gus/.m2/repository/org/eclipse/emf/common/2.2.1/common-2.2.1.jar:/home/gus/.m2/repository/org/eclipse/emf/ecore/2.2.2/ecore-2.2.2.jar:/home/gus/.m2/repository/org/geotools/xsd/gt-xsd-ows/2.7-SNAPSHOT/gt-xsd-ows-2.7-SNAPSHOT.jar:/home/gus/.m2/repository/org/geotools/xsd/gt-xsd-filter/2.7-SNAPSHOT/gt-xsd-filter-2.7-SNAPSHOT.jar:/home/gus/.m2/repository/org/geotools/gt-coverage/2.7-SNAPSHOT/gt-coverage-2.7-SNAPSHOT.jar:/home/gus/.m2/repository/org/geotools/xsd/gt-xsd-core/2.7-SNAPSHOT/gt-xsd-core-2.7-SNAPSHOT.jar:/home/gus/.m2/repository/org/geotools/gt-graph/2.7-SNAPSHOT/gt-graph-2.7-SNAPSHOT.jar:/home/gus/.m2/repository/picocontainer/picocontainer/1.2/picocontainer-1.2.jar:/home/gus/.m2/repository/xml-apis/xml-apis/1.3.04/xml-apis-1.3.04.jar:/home/gus/.m2/repository/xerces/xercesImpl/2.4.0/xercesImpl-2.4.0.jar:/home/gus/.m2/repository/xml-apis/xml-apis-xerces/2.7.1/xml-apis-xerces-2.7.1.jar:/home/gus/.m2/repository/commons-jxpath/commons-jxpath/1.2/commons-jxpath-1.2.jar:/home/gus/.m2/repository/ant/ant-optional/1.5.1/ant-optional-1.5.1.jar:/home/gus/.m2/repository/org/eclipse/xsd/xsd/2.2.2/xsd-2.2.2.jar:/home/gus/.m2/repository/org/geotools/xsd/gt-xsd-gml2/2.7-SNAPSHOT/gt-xsd-gml2-2.7-SNAPSHOT.jar:/home/gus/.m2/repository/org/geotools/xsd/gt-xsd-gml3/2.7-SNAPSHOT/gt-xsd-gml3-2.7-SNAPSHOT.jar:/home/gus/.m2/repository/xpp3/xpp3/1.1.3.4.O/xpp3-1.1.3.4.O.jar:/home/gus/.m2/repository/net/sf/json-lib/json-lib/2.2.3/json-lib-2.2.3-jdk15.jar:/home/gus/.m2/repository/net/sf/ezmorph/ezmorph/1.0.6/ezmorph-1.0.6.jar:/home/gus/.m2/repository/struts/struts/1.2.9/struts-1.2.9.jar:/home/gus/.m2/repository/commons-digester/commons-digester/1.7/commons-digester-1.7.jar:/home/gus/.m2/repository/commons-fileupload/commons-fileupload/1.2.1/commons-fileupload-1.2.1.jar:/home/gus/.m2/repository/commons-validator/commons-validator/1.1.4/commons-validator-1.1.4.jar:/home/gus/.m2/repository/antlr/antlr/2.7.2/antlr-2.7.2.jar:/home/gus/.m2/repository/xalan/xalan/2.7.0/xalan-2.7.0.jar:/home/gus/.m2/repository/commons-io/commons-io/1.3.2/commons-io-1.3.2.jar:/home/gus/.m2/repository/commons-httpclient/commons-httpclient/3.1/commons-httpclient-3.1.jar:/home/gus/.m2/repository/org/freemarker/freemarker/2.3.13/freemarker-2.3.13.jar:/home/gus/.m2/repository/org/geotools/gt-cql/2.7-SNAPSHOT/gt-cql-2.7-SNAPSHOT.jar:/home/gus/.m2/repository/org/geotools/gt-validation/2.7-SNAPSHOT/gt-validation-2.7-SNAPSHOT.jar:/home/gus/.m2/repository/org/geotools/gt-data/2.7-SNAPSHOT/gt-data-2.7-SNAPSHOT.jar:/home/gus/.m2/repository/org/geotools/gt-jdbc/2.7-SNAPSHOT/gt-jdbc-2.7-SNAPSHOT.jar:/home/gus/.m2/repository/commons-dbcp/commons-dbcp/1.2.2/commons-dbcp-1.2.2.jar:/home/gus/.m2/repository/org/geotools/gt-property/2.7-SNAPSHOT/gt-property-2.7-SNAPSHOT.jar:/home/gus/.m2/repository/org/geotools/gt-epsg-hsql/2.7-SNAPSHOT/gt-epsg-hsql-2.7-SNAPSHOT.jar:/home/gus/.m2/repository/hsqldb/hsqldb/1.8.0.7/hsqldb-1.8.0.7.jar:/home/gus/.m2/repository/org/springframework/spring-aop/2.5.5/spring-aop-2.5.5.jar:/home/gus/.m2/repository/org/springframework/spring-jdbc/2.5.5/spring-jdbc-2.5.5.jar:/home/gus/.m2/repository/org/springframework/spring-tx/2.5.5/spring-tx-2.5.5.jar:/home/gus/.m2/repository/com/thoughtworks/xstream/xstream/1.3.1/xstream-1.3.1.jar:/home/gus/.m2/repository/xpp3/xpp3_min/1.1.4c/xpp3_min-1.1.4c.jar:/home/gus/.m2/repository/org/restlet/org.restlet/1.0.8/org.restlet-1.0.8.jar:/home/gus/.m2/repository/org/restlet/org.restlet.ext.freemarker/1.0.8/org.restlet.ext.freemarker-1.0.8.jar:/home/gus/.m2/repository/org/restlet/org.restlet.ext.spring/1.0.8/org.restlet.ext.spring-1.0.8.jar:/home/gus/.m2/repository/com/noelios/restlet/com.noelios.restlet.ext.servlet/1.0.8/com.noelios.restlet.ext.servlet-1.0.8.jar:/home/gus/.m2/repository/com/noelios/restlet/com.noelios.restlet/1.0.8/com.noelios.restlet-1.0.8.jar:/home/gus/.m2/repository/org/codehaus/jettison/jettison/1.0.1/jettison-1.0.1.jar:/home/gus/.m2/repository/stax/stax-api/1.0.1/stax-api-1.0.1.jar:/home/gus/.m2/repository/org/geoserver/main/2.1-SNAPSHOT/main-2.1-SNAPSHOT-tests.jar:/home/gus/.m2/repository/junit/junit/3.8.1/junit-3.8.1.jar:/home/gus/.m2/repository/com/mockrunner/mockrunner/0.3.1/mockrunner-0.3.1.jar:"/>
    <property name="java.specification.name" value="Java Platform API Specification"/>
    <property name="java.class.version" value="50.0"/>
    <property name="sun.management.compiler" value="HotSpot 64-Bit Server Compiler"/>
    <property name="os.version" value="2.6.31-19-generic"/>
    <property name="user.home" value="/home/gus"/>
    <property name="user.timezone" value="Australia/Melbourne"/>
    <property name="user.zoneinfo.dir" value="/usr/share/javazi"/>
    <property name="java.awt.printerjob" value="sun.print.PSPrinterJob"/>
    <property name="java.specification.version" value="1.6"/>
    <property name="file.encoding" value="UTF-8"/>
    <property name="user.name" value="gus"/>
    <property name="java.class.path" value="/home/gus/SRC/gazetteer-search/target/test-classes:/home/gus/SRC/gazetteer-search/target/classes:/home/gus/.m2/repository/org/geoserver/rest/2.1-SNAPSHOT/rest-2.1-SNAPSHOT.jar:/home/gus/.m2/repository/org/geoserver/main/2.1-SNAPSHOT/main-2.1-SNAPSHOT.jar:/home/gus/.m2/repository/org/geoserver/ows/2.1-SNAPSHOT/ows-2.1-SNAPSHOT.jar:/home/gus/.m2/repository/org/acegisecurity/acegi-security/1.0.7/acegi-security-1.0.7.jar:/home/gus/.m2/repository/org/springframework/spring-core/2.5.5/spring-core-2.5.5.jar:/home/gus/.m2/repository/commons-logging/commons-logging/1.1.1/commons-logging-1.1.1.jar:/home/gus/.m2/repository/commons-lang/commons-lang/2.1/commons-lang-2.1.jar:/home/gus/.m2/repository/commons-codec/commons-codec/1.2/commons-codec-1.2.jar:/home/gus/.m2/repository/oro/oro/2.0.8/oro-2.0.8.jar:/home/gus/.m2/repository/commons-collections/commons-collections/3.2/commons-collections-3.2.jar:/home/gus/.m2/repository/log4j/log4j/1.2.14/log4j-1.2.14.jar:/home/gus/.m2/repository/org/geoserver/platform/2.1-SNAPSHOT/platform-2.1-SNAPSHOT.jar:/home/gus/.m2/repository/org/springframework/spring-beans/2.5.5/spring-beans-2.5.5.jar:/home/gus/.m2/repository/org/springframework/spring-context/2.5.5/spring-context-2.5.5.jar:/home/gus/.m2/repository/aopalliance/aopalliance/1.0/aopalliance-1.0.jar:/home/gus/.m2/repository/org/springframework/spring-webmvc/2.5.5/spring-webmvc-2.5.5.jar:/home/gus/.m2/repository/org/springframework/spring-context-support/2.5.5/spring-context-support-2.5.5.jar:/home/gus/.m2/repository/org/springframework/spring-web/2.5.5/spring-web-2.5.5.jar:/home/gus/.m2/repository/javax/servlet/servlet-api/2.4/servlet-api-2.4.jar:/home/gus/.m2/repository/javax/media/jai_core/1.1.3/jai_core-1.1.3.jar:/home/gus/.m2/repository/javax/media/jai_codec/1.1.3/jai_codec-1.1.3.jar:/home/gus/.m2/repository/javax/media/jai_imageio/1.1/jai_imageio-1.1.jar:/home/gus/.m2/repository/org/geotools/gt-api/2.7-SNAPSHOT/gt-api-2.7-SNAPSHOT.jar:/home/gus/.m2/repository/com/vividsolutions/jts/1.10/jts-1.10.jar:/home/gus/.m2/repository/org/geotools/gt-referencing/2.7-SNAPSHOT/gt-referencing-2.7-SNAPSHOT.jar:/home/gus/.m2/repository/java3d/vecmath/1.3.2/vecmath-1.3.2.jar:/home/gus/.m2/repository/commons-pool/commons-pool/1.5.3/commons-pool-1.5.3.jar:/home/gus/.m2/repository/org/geotools/gt-metadata/2.7-SNAPSHOT/gt-metadata-2.7-SNAPSHOT.jar:/home/gus/.m2/repository/org/opengis/geoapi/2.3-M1/geoapi-2.3-M1.jar:/home/gus/.m2/repository/net/java/dev/jsr-275/jsr-275/1.0-beta-2/jsr-275-1.0-beta-2.jar:/home/gus/.m2/repository/org/opengis/geoapi-pending/2.3-M1/geoapi-pending-2.3-M1.jar:/home/gus/.m2/repository/org/geotools/gt-main/2.7-SNAPSHOT/gt-main-2.7-SNAPSHOT.jar:/home/gus/.m2/repository/jdom/jdom/1.0/jdom-1.0.jar:/home/gus/.m2/repository/commons-beanutils/commons-beanutils/1.7.0/commons-beanutils-1.7.0.jar:/home/gus/.m2/repository/org/geotools/ogc/net.opengis.ows/2.7-SNAPSHOT/net.opengis.ows-2.7-SNAPSHOT.jar:/home/gus/.m2/repository/org/geotools/ogc/org.w3.xlink/2.7-SNAPSHOT/org.w3.xlink-2.7-SNAPSHOT.jar:/home/gus/.m2/repository/org/eclipse/emf/common/2.2.1/common-2.2.1.jar:/home/gus/.m2/repository/org/eclipse/emf/ecore/2.2.2/ecore-2.2.2.jar:/home/gus/.m2/repository/org/geotools/xsd/gt-xsd-ows/2.7-SNAPSHOT/gt-xsd-ows-2.7-SNAPSHOT.jar:/home/gus/.m2/repository/org/geotools/xsd/gt-xsd-filter/2.7-SNAPSHOT/gt-xsd-filter-2.7-SNAPSHOT.jar:/home/gus/.m2/repository/org/geotools/gt-coverage/2.7-SNAPSHOT/gt-coverage-2.7-SNAPSHOT.jar:/home/gus/.m2/repository/org/geotools/xsd/gt-xsd-core/2.7-SNAPSHOT/gt-xsd-core-2.7-SNAPSHOT.jar:/home/gus/.m2/repository/org/geotools/gt-graph/2.7-SNAPSHOT/gt-graph-2.7-SNAPSHOT.jar:/home/gus/.m2/repository/picocontainer/picocontainer/1.2/picocontainer-1.2.jar:/home/gus/.m2/repository/xml-apis/xml-apis/1.3.04/xml-apis-1.3.04.jar:/home/gus/.m2/repository/xerces/xercesImpl/2.4.0/xercesImpl-2.4.0.jar:/home/gus/.m2/repository/xml-apis/xml-apis-xerces/2.7.1/xml-apis-xerces-2.7.1.jar:/home/gus/.m2/repository/commons-jxpath/commons-jxpath/1.2/commons-jxpath-1.2.jar:/home/gus/.m2/repository/ant/ant-optional/1.5.1/ant-optional-1.5.1.jar:/home/gus/.m2/repository/org/eclipse/xsd/xsd/2.2.2/xsd-2.2.2.jar:/home/gus/.m2/repository/org/geotools/xsd/gt-xsd-gml2/2.7-SNAPSHOT/gt-xsd-gml2-2.7-SNAPSHOT.jar:/home/gus/.m2/repository/org/geotools/xsd/gt-xsd-gml3/2.7-SNAPSHOT/gt-xsd-gml3-2.7-SNAPSHOT.jar:/home/gus/.m2/repository/xpp3/xpp3/1.1.3.4.O/xpp3-1.1.3.4.O.jar:/home/gus/.m2/repository/net/sf/json-lib/json-lib/2.2.3/json-lib-2.2.3-jdk15.jar:/home/gus/.m2/repository/net/sf/ezmorph/ezmorph/1.0.6/ezmorph-1.0.6.jar:/home/gus/.m2/repository/struts/struts/1.2.9/struts-1.2.9.jar:/home/gus/.m2/repository/commons-digester/commons-digester/1.7/commons-digester-1.7.jar:/home/gus/.m2/repository/commons-fileupload/commons-fileupload/1.2.1/commons-fileupload-1.2.1.jar:/home/gus/.m2/repository/commons-validator/commons-validator/1.1.4/commons-validator-1.1.4.jar:/home/gus/.m2/repository/antlr/antlr/2.7.2/antlr-2.7.2.jar:/home/gus/.m2/repository/xalan/xalan/2.7.0/xalan-2.7.0.jar:/home/gus/.m2/repository/commons-io/commons-io/1.3.2/commons-io-1.3.2.jar:/home/gus/.m2/repository/commons-httpclient/commons-httpclient/3.1/commons-httpclient-3.1.jar:/home/gus/.m2/repository/org/freemarker/freemarker/2.3.13/freemarker-2.3.13.jar:/home/gus/.m2/repository/org/geotools/gt-cql/2.7-SNAPSHOT/gt-cql-2.7-SNAPSHOT.jar:/home/gus/.m2/repository/org/geotools/gt-validation/2.7-SNAPSHOT/gt-validation-2.7-SNAPSHOT.jar:/home/gus/.m2/repository/org/geotools/gt-data/2.7-SNAPSHOT/gt-data-2.7-SNAPSHOT.jar:/home/gus/.m2/repository/org/geotools/gt-jdbc/2.7-SNAPSHOT/gt-jdbc-2.7-SNAPSHOT.jar:/home/gus/.m2/repository/commons-dbcp/commons-dbcp/1.2.2/commons-dbcp-1.2.2.jar:/home/gus/.m2/repository/org/geotools/gt-property/2.7-SNAPSHOT/gt-property-2.7-SNAPSHOT.jar:/home/gus/.m2/repository/org/geotools/gt-epsg-hsql/2.7-SNAPSHOT/gt-epsg-hsql-2.7-SNAPSHOT.jar:/home/gus/.m2/repository/hsqldb/hsqldb/1.8.0.7/hsqldb-1.8.0.7.jar:/home/gus/.m2/repository/org/springframework/spring-aop/2.5.5/spring-aop-2.5.5.jar:/home/gus/.m2/repository/org/springframework/spring-jdbc/2.5.5/spring-jdbc-2.5.5.jar:/home/gus/.m2/repository/org/springframework/spring-tx/2.5.5/spring-tx-2.5.5.jar:/home/gus/.m2/repository/com/thoughtworks/xstream/xstream/1.3.1/xstream-1.3.1.jar:/home/gus/.m2/repository/xpp3/xpp3_min/1.1.4c/xpp3_min-1.1.4c.jar:/home/gus/.m2/repository/org/restlet/org.restlet/1.0.8/org.restlet-1.0.8.jar:/home/gus/.m2/repository/org/restlet/org.restlet.ext.freemarker/1.0.8/org.restlet.ext.freemarker-1.0.8.jar:/home/gus/.m2/repository/org/restlet/org.restlet.ext.spring/1.0.8/org.restlet.ext.spring-1.0.8.jar:/home/gus/.m2/repository/com/noelios/restlet/com.noelios.restlet.ext.servlet/1.0.8/com.noelios.restlet.ext.servlet-1.0.8.jar:/home/gus/.m2/repository/com/noelios/restlet/com.noelios.restlet/1.0.8/com.noelios.restlet-1.0.8.jar:/home/gus/.m2/repository/org/codehaus/jettison/jettison/1.0.1/jettison-1.0.1.jar:/home/gus/.m2/repository/stax/stax-api/1.0.1/stax-api-1.0.1.jar:/home/gus/.m2/repository/org/geoserver/main/2.1-SNAPSHOT/main-2.1-SNAPSHOT-tests.jar:/home/gus/.m2/repository/junit/junit/3.8.1/junit-3.8.1.jar:/home/gus/.m2/repository/com/mockrunner/mockrunner/0.3.1/mockrunner-0.3.1.jar:"/>
    <property name="java.vm.specification.version" value="1.0"/>
    <property name="sun.arch.data.model" value="64"/>
    <property name="java.home" value="/usr/lib/jvm/java-6-openjdk/jre"/>
    <property name="java.specification.vendor" value="Sun Microsystems Inc."/>
    <property name="user.language" value="en"/>
    <property name="java.vm.info" value="mixed mode"/>
    <property name="java.version" value="1.6.0_0"/>
    <property name="java.ext.dirs" value="/usr/lib/jvm/java-6-openjdk/jre/lib/ext:/usr/java/packages/lib/ext"/>
    <property name="sun.boot.class.path" value="/usr/lib/jvm/java-6-openjdk/jre/lib/resources.jar:/usr/lib/jvm/java-6-openjdk/jre/lib/rt.jar:/usr/lib/jvm/java-6-openjdk/jre/lib/sunrsasign.jar:/usr/lib/jvm/java-6-openjdk/jre/lib/jsse.jar:/usr/lib/jvm/java-6-openjdk/jre/lib/jce.jar:/usr/lib/jvm/java-6-openjdk/jre/lib/charsets.jar:/usr/lib/jvm/java-6-openjdk/jre/lib/rhino.jar:/usr/lib/jvm/java-6-openjdk/jre/classes"/>
    <property name="java.vendor" value="Sun Microsystems Inc."/>
    <property name="localRepository" value="/home/gus/.m2/repository"/>
    <property name="file.separator" value="/"/>
    <property name="java.vendor.url.bug" value="http://java.sun.com/cgi-bin/bugreport.cgi"/>
    <property name="sun.cpu.endian" value="little"/>
    <property name="sun.io.unicode.encoding" value="UnicodeLittle"/>
    <property name="org.geotools.referencing.forceXY" value="true"/>
    <property name="RELINQUISH_LOG4J_CONTROL" value="true"/>
    <property name="sun.desktop" value="gnome"/>
    <property name="sun.cpu.isalist" value=""/>
  </properties>
  <testcase time="5.478" classname="org.ala.rest.GazetteerSearchResourceTest" name="testGetAsXML"/>
  <testcase time="0.396" classname="org.ala.rest.GazetteerSearchResourceTest" name="testGetAsJSON"/>
</testsuite>